[debug] [2025-03-12T22:01:16.524Z] ----------------------------------------------------------------------
[debug] [2025-03-12T22:01:16.526Z] Command:       /opt/homebrew/Cellar/node/23.9.0/bin/node /opt/homebrew/bin/firebase serve
[debug] [2025-03-12T22:01:16.526Z] CLI Version:   13.34.0
[debug] [2025-03-12T22:01:16.526Z] Platform:      darwin
[debug] [2025-03-12T22:01:16.526Z] Node Version:  v23.9.0
[debug] [2025-03-12T22:01:16.527Z] Time:          Wed Mar 12 2025 18:01:16 GMT-0400 (Eastern Daylight Time)
[debug] [2025-03-12T22:01:16.527Z] ----------------------------------------------------------------------
[debug] 
[debug] [2025-03-12T22:01:16.612Z] Object "/functions" in "firebase.json" has unknown property: {"additionalProperty":"region"}
[debug] [2025-03-12T22:01:16.613Z] Field "/functions" in "firebase.json" is possibly invalid: must be array
[debug] [2025-03-12T22:01:16.613Z] Field "/functions" in "firebase.json" is possibly invalid: must match a schema in anyOf
[debug] [2025-03-12T22:01:16.615Z] > command requires scopes: ["email","openid","https://www.googleapis.com/auth/cloudplatformprojects.readonly","https://www.googleapis.com/auth/firebase","https://www.googleapis.com/auth/cloud-platform"]
[debug] [2025-03-12T22:01:16.615Z] > authorizing via signed-in user (grahamlitten@gmail.com)
[debug] [2025-03-12T22:01:16.615Z] [iam] checking project eviltrivia-47664 for permissions ["firebase.projects.get"]
[debug] [2025-03-12T22:01:16.616Z] Checked if tokens are valid: false, expires at: 1741809634935
[debug] [2025-03-12T22:01:16.616Z] Checked if tokens are valid: false, expires at: 1741809634935
[debug] [2025-03-12T22:01:16.616Z] > refreshing access token with scopes: []
[debug] [2025-03-12T22:01:16.616Z] >>> [apiv2][query] POST https://www.googleapis.com/oauth2/v3/token [none]
[debug] [2025-03-12T22:01:16.616Z] >>> [apiv2][body] POST https://www.googleapis.com/oauth2/v3/token [omitted]
[debug] [2025-03-12T22:01:16.736Z] <<< [apiv2][status] POST https://www.googleapis.com/oauth2/v3/token 200
[debug] [2025-03-12T22:01:16.737Z] <<< [apiv2][body] POST https://www.googleapis.com/oauth2/v3/token [omitted]
[debug] [2025-03-12T22:01:16.749Z] >>> [apiv2][query] POST https://cloudresourcemanager.googleapis.com/v1/projects/eviltrivia-47664:testIamPermissions [none]
[debug] [2025-03-12T22:01:16.749Z] >>> [apiv2][(partial)header] POST https://cloudresourcemanager.googleapis.com/v1/projects/eviltrivia-47664:testIamPermissions x-goog-quota-user=projects/eviltrivia-47664
[debug] [2025-03-12T22:01:16.749Z] >>> [apiv2][body] POST https://cloudresourcemanager.googleapis.com/v1/projects/eviltrivia-47664:testIamPermissions {"permissions":["firebase.projects.get"]}
[debug] [2025-03-12T22:01:16.958Z] <<< [apiv2][status] POST https://cloudresourcemanager.googleapis.com/v1/projects/eviltrivia-47664:testIamPermissions 200
[debug] [2025-03-12T22:01:16.958Z] <<< [apiv2][body] POST https://cloudresourcemanager.googleapis.com/v1/projects/eviltrivia-47664:testIamPermissions {"permissions":["firebase.projects.get"]}
[debug] [2025-03-12T22:01:16.959Z] Checked if tokens are valid: true, expires at: 1741820475737
[debug] [2025-03-12T22:01:16.959Z] Checked if tokens are valid: true, expires at: 1741820475737
[debug] [2025-03-12T22:01:16.959Z] >>> [apiv2][query] GET https://cloudresourcemanager.googleapis.com/v1/projects/eviltrivia-47664 [none]
[debug] [2025-03-12T22:01:17.067Z] <<< [apiv2][status] GET https://cloudresourcemanager.googleapis.com/v1/projects/eviltrivia-47664 200
[debug] [2025-03-12T22:01:17.067Z] <<< [apiv2][body] GET https://cloudresourcemanager.googleapis.com/v1/projects/eviltrivia-47664 {"projectNumber":"401826818140","projectId":"eviltrivia-47664","lifecycleState":"ACTIVE","name":"EvilTrivia","labels":{"firebase":"enabled","firebase-core":"disabled"},"createTime":"2025-02-20T20:47:38.677338Z"}
[info] 
[info] === Serving from '/Users/litteng/Library/Mobile Documents/com~apple~CloudDocs/Work/Misc/1_Trivia/misc/10_Website/Github Clone/eviltrivia.github.io'...
[info] 
[debug] [2025-03-12T22:01:17.071Z] Checked if tokens are valid: true, expires at: 1741820475737
[debug] [2025-03-12T22:01:17.071Z] Checked if tokens are valid: true, expires at: 1741820475737
[debug] [2025-03-12T22:01:17.074Z] defaultcredentials: writing to file /Users/litteng/.config/firebase/grahamlitten_gmail_com_application_default_credentials.json
[debug] [2025-03-12T22:01:17.074Z] >>> [apiv2][query] GET https://firebasehosting.googleapis.com/v1beta1/projects/eviltrivia-47664/sites 
[debug] [2025-03-12T22:01:17.077Z] Setting GAC to /Users/litteng/.config/firebase/grahamlitten_gmail_com_application_default_credentials.json {"metadata":{"emulator":{"name":"functions"},"message":"Setting GAC to /Users/litteng/.config/firebase/grahamlitten_gmail_com_application_default_credentials.json"}}
[debug] [2025-03-12T22:01:17.077Z] Checked if tokens are valid: true, expires at: 1741820475737
[debug] [2025-03-12T22:01:17.077Z] Checked if tokens are valid: true, expires at: 1741820475737
[debug] [2025-03-12T22:01:17.077Z] >>> [apiv2][query] GET https://firebase.googleapis.com/v1beta1/projects/eviltrivia-47664/adminSdkConfig [none]
[debug] [2025-03-12T22:01:17.368Z] <<< [apiv2][status] GET https://firebase.googleapis.com/v1beta1/projects/eviltrivia-47664/adminSdkConfig 200
[debug] [2025-03-12T22:01:17.368Z] <<< [apiv2][body] GET https://firebase.googleapis.com/v1beta1/projects/eviltrivia-47664/adminSdkConfig {"projectId":"eviltrivia-47664","databaseURL":"https://eviltrivia-47664-default-rtdb.firebaseio.com","storageBucket":"eviltrivia-47664.firebasestorage.app"}
[debug] [2025-03-12T22:01:17.776Z] <<< [apiv2][status] GET https://firebasehosting.googleapis.com/v1beta1/projects/eviltrivia-47664/sites 200
[debug] [2025-03-12T22:01:17.776Z] <<< [apiv2][body] GET https://firebasehosting.googleapis.com/v1beta1/projects/eviltrivia-47664/sites {"sites":[{"name":"projects/eviltrivia-47664/sites/eviltrivia-47664","defaultUrl":"https://eviltrivia-47664.web.app","appId":"1:401826818140:web:c1df0bf4c602cc48231e99","type":"DEFAULT_SITE"}]}
[debug] [2025-03-12T22:01:17.776Z] Checked if tokens are valid: true, expires at: 1741820475737
[debug] [2025-03-12T22:01:17.776Z] Checked if tokens are valid: true, expires at: 1741820475737
[debug] [2025-03-12T22:01:17.776Z] >>> [apiv2][query] GET https://firebase.googleapis.com/v1beta1/projects/eviltrivia-47664/webApps/1:401826818140:web:c1df0bf4c602cc48231e99/config [none]
[debug] [2025-03-12T22:01:18.222Z] <<< [apiv2][status] GET https://firebase.googleapis.com/v1beta1/projects/eviltrivia-47664/webApps/1:401826818140:web:c1df0bf4c602cc48231e99/config 200
[debug] [2025-03-12T22:01:18.222Z] <<< [apiv2][body] GET https://firebase.googleapis.com/v1beta1/projects/eviltrivia-47664/webApps/1:401826818140:web:c1df0bf4c602cc48231e99/config {"projectId":"eviltrivia-47664","appId":"1:401826818140:web:c1df0bf4c602cc48231e99","databaseURL":"https://eviltrivia-47664-default-rtdb.firebaseio.com","storageBucket":"eviltrivia-47664.firebasestorage.app","apiKey":"AIzaSyBruAY3SH0eO000LrYqwcOGXNaUuznoMkc","authDomain":"eviltrivia-47664.firebaseapp.com","messagingSenderId":"401826818140","measurementId":"G-2W6RK96Y34"}
[debug] [2025-03-12T22:01:18.229Z] Checked if tokens are valid: true, expires at: 1741820475737
[debug] [2025-03-12T22:01:18.229Z] Checked if tokens are valid: true, expires at: 1741820475737
[debug] [2025-03-12T22:01:18.229Z] >>> [apiv2][query] GET https://firebase.googleapis.com/v1beta1/projects/eviltrivia-47664 [none]
[debug] [2025-03-12T22:01:18.554Z] <<< [apiv2][status] GET https://firebase.googleapis.com/v1beta1/projects/eviltrivia-47664 200
[debug] [2025-03-12T22:01:18.555Z] <<< [apiv2][body] GET https://firebase.googleapis.com/v1beta1/projects/eviltrivia-47664 {"projectId":"eviltrivia-47664","projectNumber":"401826818140","displayName":"EvilTrivia","name":"projects/eviltrivia-47664","resources":{"hostingSite":"eviltrivia-47664","realtimeDatabaseInstance":"eviltrivia-47664-default-rtdb"},"state":"ACTIVE","etag":"1_6dca53af-92c7-4f97-a896-d7a4ed85bacc"}
[info] i  functions: Watching "/Users/litteng/Library/Mobile Documents/com~apple~CloudDocs/Work/Misc/1_Trivia/misc/10_Website/Github Clone/eviltrivia.github.io/functions" for Cloud Functions... {"metadata":{"emulator":{"name":"functions"},"message":"Watching \"/Users/litteng/Library/Mobile Documents/com~apple~CloudDocs/Work/Misc/1_Trivia/misc/10_Website/Github Clone/eviltrivia.github.io/functions\" for Cloud Functions..."}}
[info] ✔  hosting[eviltrivia-47664]: Local server: http://localhost:5002 {"metadata":{"emulator":{"name":"hosting"},"message":"Local server: \u001b[4m\u001b[1mhttp://localhost:5002\u001b[22m\u001b[24m"}}
[debug] [2025-03-12T22:01:19.082Z] Validating nodejs source
[debug] [2025-03-12T22:01:19.487Z] > [functions] package.json contents: {
  "name": "functions",
  "description": "Cloud Functions for Firebase",
  "scripts": {
    "lint": "echo 'Skipping lint'",
    "build": "echo 'Skipping build'",
    "serve": "firebase emulators:start --only functions",
    "shell": "firebase functions:shell",
    "start": "npm run shell",
    "deploy": "firebase deploy --only functions",
    "logs": "firebase functions:log"
  },
  "engines": {
    "node": "18"
  },
  "main": "index.js",
  "dependencies": {
    "axios": "^1.8.3",
    "cookie-parser": "^1.4.7",
    "cors": "^2.8.5",
    "express": "^4.21.2",
    "firebase-admin": "^12.7.0",
    "firebase-functions": "^6.3.2",
    "querystring": "^0.2.1"
  },
  "devDependencies": {
    "eslint": "^8.15.0",
    "eslint-config-google": "^0.14.0",
    "firebase-functions-test": "^3.1.0"
  },
  "private": true
}
[debug] [2025-03-12T22:01:19.487Z] Building nodejs source
[debug] [2025-03-12T22:01:19.487Z] Failed to find version of module node: reached end of search path /Users/litteng/Library/Mobile Documents/com~apple~CloudDocs/Work/Misc/1_Trivia/misc/10_Website/Github Clone/eviltrivia.github.io/functions/node_modules
[warn] ⚠  functions: Your requested "node" version "18" doesn't match your global version "23". Using node@23 from host. 
[debug] [2025-03-12T22:01:19.488Z] Could not find functions.yaml. Must use http discovery
[debug] [2025-03-12T22:01:19.493Z] Found firebase-functions binary at '/Users/litteng/Library/Mobile Documents/com~apple~CloudDocs/Work/Misc/1_Trivia/misc/10_Website/Github Clone/eviltrivia.github.io/functions/node_modules/.bin/firebase-functions'
